<?xml version="1.0" encoding="UTF-8"?>
<!-- Generated by org.testng.reporters.JUnitXMLReporter -->
<testsuite ignored="0" hostname="Bhargav" failures="0" tests="4" name="crossbrowsertest" time="64.286" errors="0" timestamp="2022-05-31T14:44:16 IST">
  <testcase classname="parameterization.CrossBrowserTest" name="launchbrowser" time="62.517"/>
  <testcase classname="parameterization.CrossBrowserTest" name="verifyTitle" time="0.168"/>
  <testcase classname="parameterization.CrossBrowserTest" name="registration" time="0.005"/>
  <testcase classname="parameterization.CrossBrowserTest" name="closeBrowser" time="1.486"/>
</testsuite> <!-- crossbrowsertest -->
