<?xml version="1.0" encoding="UTF-8"?>
<!-- Generated by org.testng.reporters.JUnitXMLReporter -->
<testsuite ignored="0" hostname="Bhargav" failures="0" tests="5" name="Test" time="0.111" errors="0" timestamp="2022-05-30T21:40:13 IST">
  <testcase classname="pack1.TC1" name="m1" time="0.008"/>
  <testcase classname="pack1.TC1" name="m2" time="0.002"/>
  <testcase classname="pack1.TC2" name="m3" time="0.004"/>
  <testcase classname="pack1.TC2" name="m4" time="0.003"/>
  <testcase classname="pack1.TC2" name="m5" time="0.003"/>
</testsuite> <!-- Test -->
